<?xml version="1.0" encoding="UTF-8"?>
<!-- Generated by org.testng.reporters.JUnitXMLReporter -->
<testsuite ignored="0" hostname="DESKTOP-3R5TTIF" failures="0" tests="6" name="Test_edge" time="255.523" errors="0" timestamp="2025-04-07T14:24:41 IST">
  <testcase classname="Organization_Module.CreateOrganizationTest" name="createOrgTest" time="85.75"/>
  <testcase classname="Contacts_Module.CreateContactWithSupportDateTest" name="createConwithSuppDateTest" time="31.488"/>
  <testcase classname="Contacts_Module.CreateContactTest" name="createConTest" time="29.277"/>
  <testcase classname="Contacts_Module.CreateContactWithOrgTest" name="createConwithorgTest" time="48.384"/>
  <testcase classname="Organization_Module.createOrgWithIndustryAndTypeTest" name="createOrgWithPhnNoTest" time="30.54"/>
  <testcase classname="Organization_Module.CreateOrgWithPhoneNumberTest" name="createOrgWithPhnNoTest" time="30.029"/>
</testsuite> <!-- Test_edge -->
