<?xml version="1.0" encoding="UTF-8"?>
<!-- Generated by org.testng.reporters.JUnitXMLReporter -->
<testsuite ignored="8" hostname="DESKTOP-3R5TTIF" failures="0" tests="2" name="Test" time="51.067" errors="0" timestamp="2025-04-19T14:58:20 IST">
  <testcase classname="Contacts_Module.CreateContactScenariosTest" name="createConTest" time="15.215"/>
  <testcase classname="Organization_Module.CreateOrgScenariosTest" name="createOrgTest" time="14.942"/>
  <testcase classname="Contacts_Module.CreateContactScenariosTest" name="createConwithSuppDateTest" time="0.0">
    <ignored/>
  </testcase> <!-- createConwithSuppDateTest -->
  <testcase classname="Organization_Module.CreateOrgScenariosTest" name="createOrgWithPhnNoTest" time="0.0">
    <ignored/>
  </testcase> <!-- createOrgWithPhnNoTest -->
  <testcase classname="BaseclassUtility.Baseclass" name="@AfterSuite afterSuite" time="0.0">
    <ignored/>
  </testcase> <!-- @AfterSuite afterSuite -->
  <testcase classname="Contacts_Module.CreateContactScenariosTest" name="createConwithorgTest" time="0.0">
    <ignored/>
  </testcase> <!-- createConwithorgTest -->
  <testcase classname="Organization_Module.CreateOrgScenariosTest" name="createOrgWithIndAndType" time="0.0">
    <ignored/>
  </testcase> <!-- createOrgWithIndAndType -->
  <testcase classname="BaseclassUtility.Baseclass" name="@BeforeSuite beforeSuite" time="0.0">
    <ignored/>
  </testcase> <!-- @BeforeSuite beforeSuite -->
  <testcase classname="BaseclassUtility.Baseclass" name="@AfterTest afterTest" time="0.0">
    <ignored/>
  </testcase> <!-- @AfterTest afterTest -->
  <testcase classname="BaseclassUtility.Baseclass" name="@BeforeTest beforeTest" time="0.0">
    <ignored/>
  </testcase> <!-- @BeforeTest beforeTest -->
</testsuite> <!-- Test -->
