<?xml version="1.0" encoding="UTF-8"?>
<!-- Generated by org.testng.reporters.JUnitXMLReporter -->
<testsuite ignored="0" hostname="DESKTOP-3R5TTIF" failures="0" tests="2" name="Test3" time="85.495" errors="0" timestamp="2025-04-05T15:27:32 IST">
  <testcase classname="Contacts_Module.CreateContactWithOrgTest" name="createConwithorgTest" time="55.999"/>
  <testcase classname="Organization_Module.CreateOrgWithPhoneNumberTest" name="createOrgWithPhnNoTest" time="29.443"/>
</testsuite> <!-- Test3 -->
