<?xml version="1.0" encoding="UTF-8"?>
<!-- Generated by org.testng.reporters.JUnitXMLReporter -->
<testsuite ignored="0" hostname="DESKTOP-3R5TTIF" failures="0" tests="6" name="Test_chrome" time="251.835" errors="0" timestamp="2025-04-07T14:24:38 IST">
  <testcase classname="Organization_Module.CreateOrganizationTest" name="createOrgTest" time="84.511"/>
  <testcase classname="Contacts_Module.CreateContactWithSupportDateTest" name="createConwithSuppDateTest" time="29.828"/>
  <testcase classname="Contacts_Module.CreateContactTest" name="createConTest" time="28.557"/>
  <testcase classname="Contacts_Module.CreateContactWithOrgTest" name="createConwithorgTest" time="49.397"/>
  <testcase classname="Organization_Module.createOrgWithIndustryAndTypeTest" name="createOrgWithPhnNoTest" time="29.956"/>
  <testcase classname="Organization_Module.CreateOrgWithPhoneNumberTest" name="createOrgWithPhnNoTest" time="29.513"/>
</testsuite> <!-- Test_chrome -->
