<?xml version="1.0" encoding="UTF-8"?>
<!-- Generated by org.testng.reporters.JUnitXMLReporter -->
<testsuite ignored="0" hostname="DESKTOP-3R5TTIF" failures="0" tests="2" name="Test2" time="67.689" errors="0" timestamp="2025-04-05T15:27:14 IST">
  <testcase classname="Contacts_Module.CreateContactWithSupportDateTest" name="createConwithSuppDateTest" time="33.755"/>
  <testcase classname="Organization_Module.createOrgWithIndustryAndTypeTest" name="createOrgWithPhnNoTest" time="33.886"/>
</testsuite> <!-- Test2 -->
