<?xml version="1.0" encoding="UTF-8"?>
<testng-results ignored="0" total="2" passed="2" failed="0" skipped="0">
  <reporter-output>
    <line>
      <![CDATA[Report configuration]]>
    </line>
    <line>
      <![CDATA[Configure the DB:Connect]]>
    </line>
    <line>
      <![CDATA[BT:Parallel Exe]]>
    </line>
    <line>
      <![CDATA[Launch the browser]]>
    </line>
    <line>
      <![CDATA[Login to the appln]]>
    </line>
    <line>
      <![CDATA[createConTest--Started--]]>
    </line>
    <line>
      <![CDATA[createConTest--Success--]]>
    </line>
    <line>
      <![CDATA[Logout of the appln]]>
    </line>
    <line>
      <![CDATA[Close the browser]]>
    </line>
    <line>
      <![CDATA[Launch the browser]]>
    </line>
    <line>
      <![CDATA[Login to the appln]]>
    </line>
    <line>
      <![CDATA[createOrgTest--Started--]]>
    </line>
    <line>
      <![CDATA[createOrgTest--Success--]]>
    </line>
    <line>
      <![CDATA[Logout of the appln]]>
    </line>
    <line>
      <![CDATA[Close the browser]]>
    </line>
    <line>
      <![CDATA[AT:Parallel Exe]]>
    </line>
    <line>
      <![CDATA[Close DB connection]]>
    </line>
  </reporter-output>
  <suite started-at="2025-04-19T14:57:29 IST" name="Suite" finished-at="2025-04-19T14:58:20 IST" duration-ms="51067">
    <groups>
      <group name="smoke">
        <method signature="CreateContactScenariosTest.createConTest()[pri:0, instance:Contacts_Module.CreateContactScenariosTest@707194ba]" name="createConTest" class="Contacts_Module.CreateContactScenariosTest"/>
        <method signature="CreateOrgScenariosTest.createOrgTest()[pri:0, instance:Organization_Module.CreateOrgScenariosTest@385e9564]" name="createOrgTest" class="Organization_Module.CreateOrgScenariosTest"/>
      </group> <!-- smoke -->
    </groups>
    <test started-at="2025-04-19T14:57:29 IST" name="Test" finished-at="2025-04-19T14:58:20 IST" duration-ms="51067">
      <class name="Contacts_Module.CreateContactScenariosTest">
        <test-method is-config="true" signature="beforeSuite()[pri:0, instance:Contacts_Module.CreateContactScenariosTest@707194ba]" started-at="2025-04-19T14:57:28 IST" name="beforeSuite" finished-at="2025-04-19T14:57:29 IST" duration-ms="1124" status="PASS">
          <reporter-output>
            <line>
              <![CDATA[Configure the DB:Connect]]>
            </line>
          </reporter-output>
        </test-method> <!-- beforeSuite -->
        <test-method is-config="true" signature="beforeTest()[pri:0, instance:Contacts_Module.CreateContactScenariosTest@707194ba]" started-at="2025-04-19T14:57:29 IST" name="beforeTest" finished-at="2025-04-19T14:57:29 IST" duration-ms="3" status="PASS">
          <reporter-output>
            <line>
              <![CDATA[BT:Parallel Exe]]>
            </line>
          </reporter-output>
        </test-method> <!-- beforeTest -->
        <test-method is-config="true" signature="beforeClass()[pri:0, instance:Contacts_Module.CreateContactScenariosTest@707194ba]" started-at="2025-04-19T14:57:29 IST" name="beforeClass" finished-at="2025-04-19T14:57:32 IST" duration-ms="2697" status="PASS">
          <reporter-output>
            <line>
              <![CDATA[Launch the browser]]>
            </line>
          </reporter-output>
        </test-method> <!-- beforeClass -->
        <test-method is-config="true" signature="beforeMethod()[pri:0, instance:Contacts_Module.CreateContactScenariosTest@707194ba]" started-at="2025-04-19T14:57:32 IST" name="beforeMethod" finished-at="2025-04-19T14:57:36 IST" duration-ms="4155" status="PASS">
          <reporter-output>
            <line>
              <![CDATA[Login to the appln]]>
            </line>
          </reporter-output>
        </test-method> <!-- beforeMethod -->
        <test-method signature="createConTest()[pri:0, instance:Contacts_Module.CreateContactScenariosTest@707194ba]" started-at="2025-04-19T14:57:36 IST" name="createConTest" finished-at="2025-04-19T14:57:51 IST" duration-ms="15215" status="PASS">
          <reporter-output>
            <line>
              <![CDATA[createConTest--Started--]]>
            </line>
            <line>
              <![CDATA[createConTest--Success--]]>
            </line>
          </reporter-output>
        </test-method> <!-- createConTest -->
        <test-method is-config="true" signature="afterMethod()[pri:0, instance:Contacts_Module.CreateContactScenariosTest@707194ba]" started-at="2025-04-19T14:57:51 IST" name="afterMethod" finished-at="2025-04-19T14:57:56 IST" duration-ms="4235" status="PASS">
          <reporter-output>
            <line>
              <![CDATA[Logout of the appln]]>
            </line>
          </reporter-output>
        </test-method> <!-- afterMethod -->
        <test-method is-config="true" signature="afterClass()[pri:0, instance:Contacts_Module.CreateContactScenariosTest@707194ba]" started-at="2025-04-19T14:57:56 IST" name="afterClass" finished-at="2025-04-19T14:57:56 IST" duration-ms="329" status="PASS">
          <reporter-output>
            <line>
              <![CDATA[Close the browser]]>
            </line>
          </reporter-output>
        </test-method> <!-- afterClass -->
        <test-method is-config="true" signature="afterTest()[pri:0, instance:Contacts_Module.CreateContactScenariosTest@707194ba]" started-at="2025-04-19T14:58:20 IST" name="afterTest" finished-at="2025-04-19T14:58:20 IST" duration-ms="0" status="PASS">
          <reporter-output>
            <line>
              <![CDATA[AT:Parallel Exe]]>
            </line>
          </reporter-output>
        </test-method> <!-- afterTest -->
        <test-method is-config="true" signature="afterSuite()[pri:0, instance:Contacts_Module.CreateContactScenariosTest@707194ba]" started-at="2025-04-19T14:58:20 IST" name="afterSuite" finished-at="2025-04-19T14:58:20 IST" duration-ms="0" status="PASS">
          <reporter-output>
            <line>
              <![CDATA[Close DB connection]]>
            </line>
          </reporter-output>
        </test-method> <!-- afterSuite -->
      </class> <!-- Contacts_Module.CreateContactScenariosTest -->
      <class name="Organization_Module.CreateOrgScenariosTest">
        <test-method is-config="true" signature="beforeClass()[pri:0, instance:Organization_Module.CreateOrgScenariosTest@385e9564]" started-at="2025-04-19T14:57:56 IST" name="beforeClass" finished-at="2025-04-19T14:57:57 IST" duration-ms="1069" status="PASS">
          <reporter-output>
            <line>
              <![CDATA[Launch the browser]]>
            </line>
          </reporter-output>
        </test-method> <!-- beforeClass -->
        <test-method is-config="true" signature="beforeMethod()[pri:0, instance:Organization_Module.CreateOrgScenariosTest@385e9564]" started-at="2025-04-19T14:57:57 IST" name="beforeMethod" finished-at="2025-04-19T14:58:01 IST" duration-ms="4016" status="PASS">
          <reporter-output>
            <line>
              <![CDATA[Login to the appln]]>
            </line>
          </reporter-output>
        </test-method> <!-- beforeMethod -->
        <test-method signature="createOrgTest()[pri:0, instance:Organization_Module.CreateOrgScenariosTest@385e9564]" started-at="2025-04-19T14:58:01 IST" name="createOrgTest" finished-at="2025-04-19T14:58:16 IST" duration-ms="14942" status="PASS">
          <reporter-output>
            <line>
              <![CDATA[createOrgTest--Started--]]>
            </line>
            <line>
              <![CDATA[createOrgTest--Success--]]>
            </line>
          </reporter-output>
        </test-method> <!-- createOrgTest -->
        <test-method is-config="true" signature="afterMethod()[pri:0, instance:Organization_Module.CreateOrgScenariosTest@385e9564]" started-at="2025-04-19T14:58:16 IST" name="afterMethod" finished-at="2025-04-19T14:58:20 IST" duration-ms="3987" status="PASS">
          <reporter-output>
            <line>
              <![CDATA[Logout of the appln]]>
            </line>
          </reporter-output>
        </test-method> <!-- afterMethod -->
        <test-method is-config="true" signature="afterClass()[pri:0, instance:Organization_Module.CreateOrgScenariosTest@385e9564]" started-at="2025-04-19T14:58:20 IST" name="afterClass" finished-at="2025-04-19T14:58:20 IST" duration-ms="281" status="PASS">
          <reporter-output>
            <line>
              <![CDATA[Close the browser]]>
            </line>
          </reporter-output>
        </test-method> <!-- afterClass -->
      </class> <!-- Organization_Module.CreateOrgScenariosTest -->
    </test> <!-- Test -->
  </suite> <!-- Suite -->
</testng-results>
